Arguments: 
  /usr/local/bin/node /usr/local/Cellar/yarn/1.5.1/libexec/bin/yarn.js prod

PATH: 
  /opt/local/bin:/opt/local/sbin:/Users/admin/.rvm/gems/ruby-2.2.0/bin:/Users/admin/.rvm/gems/ruby-2.2.0@global/bin:/Users/admin/.rvm/rubies/ruby-2.2.0/bin:/usr/local/bin:/usr/bin:/bin:/usr/sbin:/sbin:/opt/X11/bin:/Users/admin/.rvm/bin

Yarn version: 
  1.5.1

Node version: 
  8.0.0

Platform: 
  darwin x64

npm manifest: 
  {
      "devDependencies": {
          "babel-core": "^6.26.0",
          "babel-loader": "^7.1.2",
          "babel-preset-env": "^1.6.1",
          "browserslist": "^3.1.1",
          "css-loader": "0.14.5",
          "extract-text-webpack-plugin": "^3.0.2",
          "file-loader": "^1.1.6",
          "google-fonts-webpack-plugin": "^0.4.4",
          "happypack": "^4.0.1",
          "html-loader": "^0.5.5",
          "html-webpack-inline-assets-plugin": "^0.0.2",
          "html-webpack-inline-source-plugin": "0.0.9",
          "html-webpack-plugin": "^2.30.1",
          "image-webpack-loader": "3.2.0",
          "import-glob-loader": "^1.1.0",
          "import-glob-loader2": "^1.1.2",
          "inline-resource-plugin": "^0.6.3",
          "loader-utils": "^1.1.0",
          "merge": "^1.2.0",
          "node-sass": "^4.7.2",
          "postcss-loader": "^2.1.1",
          "purify-css": "^1.2.5",
          "purifycss-webpack": "^0.7.0",
          "rimraf": "^2.6.2",
          "sass-loader": "^6.0.6",
          "script-ext-html-webpack-plugin": "^1.8.8",
          "style-loader": "^0.20.1",
          "url-loader": "^0.6.2",
          "webpack": "^3.11.0",
          "webpack-bundle-analyzer": "^2.11.1",
          "webpack-dev-server": "^2.11.1",
          "webpack-merge": "^4.1.1"
      },
      "scripts": {
          "dev": "webpack-dev-server --host 0.0.0.0 --config webpack.dev.js",
          "prod": "npm run clean && NODE_ENV=production webpack --config webpack.prod.js",
          "clean": "rimraf ./dist/*"
      },
      "name": "Talents",
      "version": "1.0.0",
      "main": "index.js",
      "repository": "https://gitlab.wpassion.it:8000/amrest/talents.git",
      "author": "Bartosz Mediger <info@cutme.pl>",
      "license": "MIT",
      "dependencies": {
          "form-serialize": "^0.7.2",
          "gsap": "^1.20.3",
          "swiper": "^4.2.2"
      },
      "browserslist": [
          "> 1%",
          "last 2 versions"
      ]
  }

yarn manifest: 
  No manifest

Lockfile: 
  No lockfile

Trace: 
  Error: Command failed.
  Exit code: 2
  Command: sh
  Arguments: -c npm run clean && NODE_ENV=production webpack --config webpack.prod.js
  Directory: /Volumes/Data/Projekty/www.marpress.pl
  Output:
  
      at ProcessTermError.MessageError (/usr/local/Cellar/yarn/1.5.1/libexec/lib/cli.js:186:110)
      at new ProcessTermError (/usr/local/Cellar/yarn/1.5.1/libexec/lib/cli.js:226:113)
      at ChildProcess.<anonymous> (/usr/local/Cellar/yarn/1.5.1/libexec/lib/cli.js:30281:17)
      at emitTwo (events.js:125:13)
      at ChildProcess.emit (events.js:213:7)
      at maybeClose (internal/child_process.js:887:16)
      at Process.ChildProcess._handle.onexit (internal/child_process.js:208:5)
